08:27:32 **** Build of configuration Default for project MainActivity ****
ndk-build all 
Invalid attribute name: 
    package
Compile++ thumb  : dslrdashboard <= dslrdashboard.cpp
In file included from jni/dslrdashboard.h:9:0,
                 from jni/dslrdashboard.cpp:20:
/home/esweeney/android-ndk-linux/platforms/android-14/arch-arm/usr/include/jni.h:592:13: note: the mangling of 'va_list' has changed in GCC 4.4
jni/dslrdashboard.cpp: In function 'jboolean Java_com_dslr_dashboard_NativeMethods_loadRawImageThumb(JNIEnv*, jobject, jstring, jstring)':
jni/dslrdashboard.cpp:354:14: warning: too many arguments for format [-Wformat-extra-args]
jni/dslrdashboard.cpp:301:13: warning: unused variable 'myBitmap' [-Wunused-variable]
jni/dslrdashboard.cpp:302:24: warning: unused variable 'pixelscolor' [-Wunused-variable]
jni/dslrdashboard.cpp:303:24: warning: unused variable 'infocolor' [-Wunused-variable]
jni/dslrdashboard.cpp: In function 'jint Java_com_dslr_dashboard_NativeMethods_copyExifData(JNIEnv*, jobject, jstring, jstring)':
jni/dslrdashboard.cpp:438:30: warning: variable 'maybe_exists' set but not used [-Wunused-but-set-variable]
jni/dslrdashboard.cpp:450:1: warning: no return statement in function returning non-void [-Wreturn-type]
jni/dslrdashboard.cpp: In function 'jint Java_com_dslr_dashboard_NativeMethods_setGPSExifData(JNIEnv*, jobject, jstring, jdouble, jdouble, jdouble)':
jni/dslrdashboard.cpp:495:87: warning: format '%ld' expects argument of type 'long int', but argument 4 has type 'int' [-Wformat]
jni/dslrdashboard.cpp: In function 'jint Java_com_dslr_dashboard_NativeMethods_getRGBHistogram(JNIEnv*, jobject, jobject, jintArray, jintArray, jintArray, jintArray)':
jni/dslrdashboard.cpp:563:31: warning: comparison between signed and unsigned integer expressions [-Wsign-compare]
jni/dslrdashboard.cpp:567:32: warning: comparison between signed and unsigned integer expressions [-Wsign-compare]
SharedLibrary  : libdslrdashboard.so
Install        : libdslrdashboard.so => libs/armeabi-v7a/libdslrdashboard.so
